[2026-06-05 22:58:16] [INFO] [系统] 系统启动 - 端口: 8080
[2026-06-05 22:58:17] [INFO] [系统] 系统启动 - 端口: 8080
[2026-06-05 22:59:49] [INFO] [系统] 新增房型 - 房型: 豪华大床房
[2026-06-05 23:02:28] [INFO] [系统] 系统启动 - 端口: 8080
[2026-06-05 23:02:30] [INFO] [系统] 系统启动 - 端口: 8080
[2026-06-05 23:03:59] [INFO] [系统] 系统启动 - 端口: 8080
[2026-06-05 23:04:01] [INFO] [系统] 系统启动 - 端口: 8080
[2026-06-05 23:05:33] [INFO] [系统] 新增房间 - 房间号: 1
[2026-06-05 23:06:12] [INFO] [系统] 新增客人 - 客人: a
[2026-06-05 23:12:16] [INFO] [系统] 新增客人 - 客人: b
[2026-06-05 23:12:25] [INFO] [系统] 新增客人 - 客人: 张三
[2026-06-05 23:12:35] [INFO] [系统] 新增预订 - 房间: 1, 入住: 2026-06-05, 退房: 2026-06-13
[2026-06-05 23:13:54] [INFO] [系统] 更新预订 - 预订ID: 1, 状态: pending -> confirmed
[2026-06-05 23:15:11] [INFO] [系统] 导入数据 - 共导入 6 条记录
[2026-06-05 23:38:36] [INFO] [系统] 系统启动 - 端口: 8080
[2026-06-05 23:38:36] [INFO] [系统] 系统启动 - 端口: 8080
[2026-06-05 23:39:02] [INFO] [系统] 系统启动 - 端口: 8080
[2026-06-05 23:39:02] [INFO] [系统] 系统启动 - 端口: 8080
[2026-06-05 23:39:07] [INFO] [系统] 系统启动 - 端口: 8080
[2026-06-05 23:39:07] [INFO] [系统] 系统启动 - 端口: 8080
[2026-06-05 23:39:29] [INFO] [系统] 系统启动 - 端口: 8080
[2026-06-05 23:39:29] [INFO] [系统] 系统启动 - 端口: 8080
[2026-06-05 23:39:34] [INFO] [系统] 系统启动 - 端口: 8080
[2026-06-05 23:39:34] [INFO] [系统] 系统启动 - 端口: 8080
[2026-06-05 23:39:38] [INFO] [系统] 系统启动 - 端口: 8080
[2026-06-05 23:39:38] [INFO] [系统] 系统启动 - 端口: 8080
[2026-06-05 23:41:32] [INFO] [系统] 设置特殊价格 - 房间1 2026-06-10: ¥200
[2026-06-05 23:42:10] [INFO] [系统] 设置特殊价格 - 房间1 2026-06-11: ¥200
[2026-06-05 23:42:17] [INFO] [系统] 设置特殊价格 - 房间1 2026-06-05: ¥588
[2026-06-05 23:42:24] [INFO] [系统] 更新预订 - 预订ID: 1, 状态: confirmed -> confirmed
[2026-06-05 23:42:30] [INFO] [系统] 新增日记 - 日期: 2026-06-05, 标题: 今天生意不错
[2026-06-05 23:43:01] [INFO] [系统] 删除日记 - 日记ID: 1
[2026-06-05 23:43:38] [INFO] [系统] 上传图片 - 目录: diary, 文件: img_20260605234338_46392fe8dff4.jpg
[2026-06-05 23:43:58] [INFO] [系统] 新增日记 - 日期: 2026-06-05, 标题: test
[2026-06-05 23:44:13] [INFO] [系统] 删除日记 - 日记ID: 1
[2026-06-05 23:44:43] [INFO] [系统] 新增预订 - 房间: 1, 入住: 2026-06-16, 退房: 2026-06-18
[2026-06-05 23:45:28] [INFO] [系统] 设置特殊价格 - 房间1 2026-06-14: ¥200
[2026-06-05 23:45:33] [INFO] [系统] 设置特殊价格 - 房间1 2026-06-20: ¥200
[2026-06-05 23:45:49] [INFO] [系统] 新增房间 - 房间号: 2
[2026-06-05 23:45:53] [INFO] [系统] 设置特殊价格 - 房间2 2026-06-01: ¥2
[2026-06-05 23:45:55] [INFO] [系统] 设置特殊价格 - 房间2 2026-06-08: ¥33
[2026-06-05 23:45:59] [INFO] [系统] 设置特殊价格 - 房间2 2026-06-11: ¥44
[2026-06-05 23:49:56] [INFO] [系统] 系统启动 - 端口: 8080
[2026-06-05 23:49:56] [INFO] [系统] 系统启动 - 端口: 8080
[2026-06-05 23:49:56] [ERROR] 写入JSON日志失败: [WinError 32] 另一个程序正在使用此文件，进程无法访问。: 'd:\\文档\\code\\home\\data\\system_logs.json.tmp' -> 'd:\\文档\\code\\home\\data\\system_logs.json'
[2026-06-06 12:53:36] [INFO] [系统] 系统启动 - 端口: 8080
[2026-06-06 12:53:37] [INFO] [系统] 系统启动 - 端口: 8080
[2026-06-06 13:00:05] [INFO] [系统] 系统启动 - 端口: 8080
[2026-06-06 13:00:13] [INFO] [系统] 系统启动 - 端口: 8080
[2026-06-06 13:00:18] [INFO] [系统] 系统启动 - 端口: 8080
[2026-06-06 13:00:38] [INFO] [系统] 系统启动 - 端口: 8080
[2026-06-06 13:00:47] [INFO] [系统] 系统启动 - 端口: 8080
[2026-06-06 13:00:52] [INFO] [系统] 系统启动 - 端口: 8080
[2026-06-06 13:01:02] [INFO] [系统] 系统启动 - 端口: 8080
[2026-06-06 13:01:07] [INFO] [系统] 系统启动 - 端口: 8080
[2026-06-06 13:01:10] [INFO] [系统] 系统启动 - 端口: 8080
[2026-06-06 13:01:15] [INFO] [系统] 系统启动 - 端口: 8080
[2026-06-06 13:01:19] [INFO] [系统] 系统启动 - 端口: 8080
[2026-06-06 13:17:31] [INFO] [系统] 系统启动 - 端口: 8080
[2026-06-06 13:17:33] [INFO] [系统] 系统启动 - 端口: 8080
[2026-06-06 13:18:08] [INFO] [系统] 导入数据 - 共导入 6 条记录
[2026-06-06 13:18:37] [INFO] [系统] 新增预订 - 房间: 1, 入住: 2026-06-15, 退房: 2026-06-27
[2026-06-06 13:18:52] [INFO] [系统] 更新每日价格 - 房间1 2026-06-19: ¥100.0
[2026-06-06 13:19:23] [INFO] [系统] 删除预订 - 预订ID: 2
[2026-06-06 13:19:31] [INFO] [系统] 更新预订 - 预订ID: 1, 状态: confirmed -> confirmed
[2026-06-06 13:19:54] [INFO] [系统] 删除每日价格 - 房间1 2026-06-15
[2026-06-06 13:20:30] [INFO] [系统] 系统启动 - 端口: 8080
[2026-06-06 13:23:16] [INFO] [系统] 新增预订 - 房间: 1, 入住: 2026-06-27, 退房: 2026-06-30
[2026-06-06 13:24:08] [INFO] [系统] 导入数据 - 共导入 29 条记录
[2026-06-06 13:25:00] [INFO] [系统] 更新预订 - 预订ID: 1, 状态: confirmed -> confirmed
[2026-06-06 13:25:28] [INFO] [系统] 更新预订 - 预订ID: 1, 状态: confirmed -> confirmed
[2026-06-06 13:54:21] [INFO] [系统] 系统启动 - 端口: 8080
[2026-06-06 13:54:26] [INFO] [系统] 系统启动 - 端口: 8080
[2026-06-06 13:54:34] [INFO] [系统] 系统启动 - 端口: 8080
[2026-06-06 13:54:45] [INFO] [系统] 系统启动 - 端口: 8080
[2026-06-06 13:56:39] [INFO] [系统] 更新预订 - 预订ID: 2, 状态: pending -> pending
[2026-06-06 13:56:43] [INFO] [系统] 更新预订 - 预订ID: 1, 状态: confirmed -> confirmed
[2026-06-06 13:57:44] [INFO] [系统] 清除每日价格 - 房间1 2026-06-27~2026-06-30, 共3天
[2026-06-06 13:57:44] [INFO] [系统] 删除预订 - 预订ID: 2
[2026-06-06 13:57:46] [INFO] [系统] 清除每日价格 - 房间1 2026-06-05~2026-06-13, 共8天
[2026-06-06 13:57:46] [INFO] [系统] 删除预订 - 预订ID: 1
[2026-06-06 13:57:56] [INFO] [系统] 系统启动 - 端口: 8080
[2026-06-06 14:09:51] [INFO] [系统] 系统启动 - 端口: 8080
[2026-06-06 14:10:26] [INFO] [系统] 系统启动 - 端口: 8080
[2026-06-06 14:12:09] [INFO] [系统] 系统启动 - 端口: 8080
[2026-06-06 14:14:07] [INFO] [系统] 系统启动 - 端口: 8080
[2026-06-06 14:14:32] [INFO] [系统] 系统启动 - 端口: 8080
[2026-06-06 14:14:40] [INFO] [系统] 系统启动 - 端口: 8080
[2026-06-06 14:15:23] [INFO] [系统] 设置每日价格 - 房间1 2026-06-14: ¥0.0
[2026-06-06 14:15:27] [INFO] [系统] 设置每日价格 - 房间1 2026-06-15: ¥0.0
[2026-06-06 14:15:33] [INFO] [系统] 设置每日价格 - 房间1 2026-06-02: ¥0.0
[2026-06-06 14:15:37] [INFO] [系统] 设置每日价格 - 房间1 2026-06-04: ¥0.0
[2026-06-06 14:15:39] [INFO] [系统] 设置每日价格 - 房间1 2026-06-05: ¥0.0
[2026-06-06 14:15:40] [INFO] [系统] 设置每日价格 - 房间1 2026-06-06: ¥0.0
[2026-06-06 14:15:42] [INFO] [系统] 设置每日价格 - 房间1 2026-06-07: ¥0.0
[2026-06-06 14:15:53] [INFO] [系统] 设置每日价格 - 房间1 2026-06-08: ¥0.0
[2026-06-06 14:15:56] [INFO] [系统] 更新每日价格 - 房间1 2026-06-04: ¥0.0
[2026-06-06 14:16:27] [INFO] [系统] 更新每日价格 - 房间1 2026-06-08: ¥1.0
[2026-06-06 14:16:30] [INFO] [系统] 更新每日价格 - 房间1 2026-06-07: ¥1.0
[2026-06-06 14:16:32] [INFO] [系统] 更新每日价格 - 房间1 2026-06-06: ¥1.0
[2026-06-06 14:16:34] [INFO] [系统] 更新每日价格 - 房间1 2026-06-05: ¥1.0
[2026-06-06 14:16:36] [INFO] [系统] 更新每日价格 - 房间1 2026-06-04: ¥1.0
[2026-06-06 14:16:38] [INFO] [系统] 更新每日价格 - 房间1 2026-06-02: ¥1.0
[2026-06-06 14:16:54] [INFO] [系统] 系统启动 - 端口: 8080
[2026-06-06 14:18:33] [INFO] [系统] 系统启动 - 端口: 8080
[2026-06-06 14:19:07] [INFO] [系统] 清除每日价格 - 房间1 2026-06-02
[2026-06-06 14:19:35] [INFO] [系统] 上传图片 - 目录: diary, 文件: img_20260606141934_45ac4defbfe8.png
[2026-06-06 14:19:37] [INFO] [系统] 新增日记 - 日期: 2026-06-06, 标题: test
[2026-06-06 14:19:56] [INFO] [系统] 删除每日价格 - 房间1 2026-06-05
